{"/home/danil/frontend-project-46/src/index.js": {"path":"/home/danil/frontend-project-46/src/index.js","all":false,"statementMap":{"0":{"start":{"line":1,"column":0},"end":{"line":1,"column":78}},"1":{"start":{"line":2,"column":0},"end":{"line":2,"column":35}},"2":{"start":{"line":3,"column":0},"end":{"line":3,"column":50}},"3":{"start":{"line":4,"column":0},"end":{"line":4,"column":0}},"4":{"start":{"line":5,"column":0},"end":{"line":5,"column":51}},"5":{"start":{"line":6,"column":0},"end":{"line":6,"column":40}},"6":{"start":{"line":7,"column":0},"end":{"line":7,"column":40}},"7":{"start":{"line":8,"column":0},"end":{"line":8,"column":53}},"8":{"start":{"line":9,"column":0},"end":{"line":9,"column":53}},"9":{"start":{"line":10,"column":0},"end":{"line":10,"column":56}},"10":{"start":{"line":11,"column":0},"end":{"line":11,"column":56}},"11":{"start":{"line":12,"column":0},"end":{"line":12,"column":71}},"12":{"start":{"line":13,"column":0},"end":{"line":13,"column":68}},"13":{"start":{"line":14,"column":0},"end":{"line":14,"column":25}},"14":{"start":{"line":15,"column":0},"end":{"line":15,"column":1}},"15":{"start":{"line":16,"column":0},"end":{"line":16,"column":0}},"16":{"start":{"line":17,"column":0},"end":{"line":17,"column":23}}},"s":{"0":1,"1":1,"2":1,"3":1,"4":6,"5":6,"6":6,"7":6,"8":6,"9":6,"10":6,"11":6,"12":6,"13":6,"14":6,"15":1,"16":1},"branchMap":{"0":{"type":"branch","line":5,"loc":{"start":{"line":5,"column":0},"end":{"line":15,"column":1}},"locations":[{"start":{"line":5,"column":0},"end":{"line":15,"column":1}}]}},"b":{"0":[6]},"fnMap":{"0":{"name":"genDiff","decl":{"start":{"line":5,"column":0},"end":{"line":15,"column":1}},"loc":{"start":{"line":5,"column":0},"end":{"line":15,"column":1}},"line":5}},"f":{"0":6}}
,"/home/danil/frontend-project-46/src/parsers.js": {"path":"/home/danil/frontend-project-46/src/parsers.js","all":false,"statementMap":{"0":{"start":{"line":1,"column":0},"end":{"line":1,"column":26}},"1":{"start":{"line":2,"column":0},"end":{"line":2,"column":0}},"2":{"start":{"line":3,"column":0},"end":{"line":3,"column":35}},"3":{"start":{"line":4,"column":0},"end":{"line":4,"column":29}},"4":{"start":{"line":5,"column":0},"end":{"line":5,"column":28}},"5":{"start":{"line":6,"column":0},"end":{"line":6,"column":3}},"6":{"start":{"line":7,"column":0},"end":{"line":7,"column":56}},"7":{"start":{"line":8,"column":0},"end":{"line":8,"column":27}},"8":{"start":{"line":9,"column":0},"end":{"line":9,"column":3}},"9":{"start":{"line":10,"column":0},"end":{"line":10,"column":44}},"10":{"start":{"line":11,"column":0},"end":{"line":11,"column":1}},"11":{"start":{"line":12,"column":0},"end":{"line":12,"column":0}},"12":{"start":{"line":13,"column":0},"end":{"line":13,"column":23}}},"s":{"0":1,"1":1,"2":12,"3":12,"4":6,"5":6,"6":12,"7":6,"8":6,"9":0,"10":0,"11":1,"12":1},"branchMap":{"0":{"type":"branch","line":3,"loc":{"start":{"line":3,"column":0},"end":{"line":11,"column":1}},"locations":[{"start":{"line":3,"column":0},"end":{"line":11,"column":1}}]},"1":{"type":"branch","line":4,"loc":{"start":{"line":4,"column":28},"end":{"line":7,"column":33}},"locations":[{"start":{"line":4,"column":28},"end":{"line":7,"column":33}}]},"2":{"type":"branch","line":7,"loc":{"start":{"line":7,"column":27},"end":{"line":7,"column":53}},"locations":[{"start":{"line":7,"column":27},"end":{"line":7,"column":53}}]},"3":{"type":"branch","line":7,"loc":{"start":{"line":7,"column":55},"end":{"line":9,"column":3}},"locations":[{"start":{"line":7,"column":55},"end":{"line":9,"column":3}}]},"4":{"type":"branch","line":9,"loc":{"start":{"line":9,"column":2},"end":{"line":11,"column":1}},"locations":[{"start":{"line":9,"column":2},"end":{"line":11,"column":1}}]}},"b":{"0":[12],"1":[6],"2":[0],"3":[6],"4":[0]},"fnMap":{"0":{"name":"parsing","decl":{"start":{"line":3,"column":0},"end":{"line":11,"column":1}},"loc":{"start":{"line":3,"column":0},"end":{"line":11,"column":1}},"line":3}},"f":{"0":12}}
,"/home/danil/frontend-project-46/src/utils.js": {"path":"/home/danil/frontend-project-46/src/utils.js","all":false,"statementMap":{"0":{"start":{"line":1,"column":0},"end":{"line":1,"column":20}},"1":{"start":{"line":2,"column":0},"end":{"line":2,"column":24}},"2":{"start":{"line":3,"column":0},"end":{"line":3,"column":23}},"3":{"start":{"line":4,"column":0},"end":{"line":4,"column":0}},"4":{"start":{"line":5,"column":0},"end":{"line":5,"column":29}},"5":{"start":{"line":6,"column":0},"end":{"line":6,"column":46}},"6":{"start":{"line":7,"column":0},"end":{"line":7,"column":65}},"7":{"start":{"line":8,"column":0},"end":{"line":8,"column":52}},"8":{"start":{"line":9,"column":0},"end":{"line":9,"column":1}},"9":{"start":{"line":10,"column":0},"end":{"line":10,"column":0}},"10":{"start":{"line":11,"column":0},"end":{"line":11,"column":37}},"11":{"start":{"line":12,"column":0},"end":{"line":12,"column":41}},"12":{"start":{"line":13,"column":0},"end":{"line":13,"column":1}},"13":{"start":{"line":14,"column":0},"end":{"line":14,"column":0}},"14":{"start":{"line":15,"column":0},"end":{"line":15,"column":49}},"15":{"start":{"line":16,"column":0},"end":{"line":16,"column":93}},"16":{"start":{"line":17,"column":0},"end":{"line":17,"column":36}},"17":{"start":{"line":18,"column":0},"end":{"line":18,"column":37}},"18":{"start":{"line":19,"column":0},"end":{"line":19,"column":31}},"19":{"start":{"line":20,"column":0},"end":{"line":20,"column":14}},"20":{"start":{"line":21,"column":0},"end":{"line":21,"column":27}},"21":{"start":{"line":22,"column":0},"end":{"line":22,"column":12}},"22":{"start":{"line":23,"column":0},"end":{"line":23,"column":19}},"23":{"start":{"line":24,"column":0},"end":{"line":24,"column":7}},"24":{"start":{"line":25,"column":0},"end":{"line":25,"column":5}},"25":{"start":{"line":26,"column":0},"end":{"line":26,"column":31}},"26":{"start":{"line":27,"column":0},"end":{"line":27,"column":14}},"27":{"start":{"line":28,"column":0},"end":{"line":28,"column":26}},"28":{"start":{"line":29,"column":0},"end":{"line":29,"column":12}},"29":{"start":{"line":30,"column":0},"end":{"line":30,"column":20}},"30":{"start":{"line":31,"column":0},"end":{"line":31,"column":7}},"31":{"start":{"line":32,"column":0},"end":{"line":32,"column":5}},"32":{"start":{"line":33,"column":0},"end":{"line":33,"column":60}},"33":{"start":{"line":34,"column":0},"end":{"line":34,"column":14}},"34":{"start":{"line":35,"column":0},"end":{"line":35,"column":31}},"35":{"start":{"line":36,"column":0},"end":{"line":36,"column":12}},"36":{"start":{"line":37,"column":0},"end":{"line":37,"column":61}},"37":{"start":{"line":38,"column":0},"end":{"line":38,"column":7}},"38":{"start":{"line":39,"column":0},"end":{"line":39,"column":5}},"39":{"start":{"line":40,"column":0},"end":{"line":40,"column":37}},"40":{"start":{"line":41,"column":0},"end":{"line":41,"column":14}},"41":{"start":{"line":42,"column":0},"end":{"line":42,"column":31}},"42":{"start":{"line":43,"column":0},"end":{"line":43,"column":12}},"43":{"start":{"line":44,"column":0},"end":{"line":44,"column":19}},"44":{"start":{"line":45,"column":0},"end":{"line":45,"column":20}},"45":{"start":{"line":46,"column":0},"end":{"line":46,"column":7}},"46":{"start":{"line":47,"column":0},"end":{"line":47,"column":5}},"47":{"start":{"line":48,"column":0},"end":{"line":48,"column":12}},"48":{"start":{"line":49,"column":0},"end":{"line":49,"column":10}},"49":{"start":{"line":50,"column":0},"end":{"line":50,"column":17}},"50":{"start":{"line":51,"column":0},"end":{"line":51,"column":6}},"51":{"start":{"line":52,"column":0},"end":{"line":52,"column":15}},"52":{"start":{"line":53,"column":0},"end":{"line":53,"column":27}},"53":{"start":{"line":54,"column":0},"end":{"line":54,"column":1}},"54":{"start":{"line":55,"column":0},"end":{"line":55,"column":0}},"55":{"start":{"line":56,"column":0},"end":{"line":56,"column":60}}},"s":{"0":1,"1":1,"2":1,"3":1,"4":12,"5":12,"6":12,"7":12,"8":12,"9":1,"10":12,"11":12,"12":12,"13":1,"14":30,"15":30,"16":108,"17":108,"18":108,"19":12,"20":12,"21":12,"22":12,"23":12,"24":12,"25":108,"26":30,"27":30,"28":30,"29":30,"30":30,"31":30,"32":108,"33":24,"34":24,"35":24,"36":24,"37":24,"38":24,"39":108,"40":24,"41":24,"42":24,"43":24,"44":24,"45":24,"46":24,"47":18,"48":18,"49":18,"50":18,"51":30,"52":30,"53":30,"54":1,"55":1},"branchMap":{"0":{"type":"branch","line":5,"loc":{"start":{"line":5,"column":0},"end":{"line":9,"column":1}},"locations":[{"start":{"line":5,"column":0},"end":{"line":9,"column":1}}]},"1":{"type":"branch","line":11,"loc":{"start":{"line":11,"column":0},"end":{"line":13,"column":1}},"locations":[{"start":{"line":11,"column":0},"end":{"line":13,"column":1}}]},"2":{"type":"branch","line":15,"loc":{"start":{"line":15,"column":0},"end":{"line":54,"column":1}},"locations":[{"start":{"line":15,"column":0},"end":{"line":54,"column":1}}]},"3":{"type":"branch","line":16,"loc":{"start":{"line":16,"column":84},"end":{"line":52,"column":3}},"locations":[{"start":{"line":16,"column":84},"end":{"line":52,"column":3}}]},"4":{"type":"branch","line":19,"loc":{"start":{"line":19,"column":30},"end":{"line":25,"column":5}},"locations":[{"start":{"line":19,"column":30},"end":{"line":25,"column":5}}]},"5":{"type":"branch","line":25,"loc":{"start":{"line":25,"column":4},"end":{"line":26,"column":30}},"locations":[{"start":{"line":25,"column":4},"end":{"line":26,"column":30}}]},"6":{"type":"branch","line":26,"loc":{"start":{"line":26,"column":30},"end":{"line":32,"column":5}},"locations":[{"start":{"line":26,"column":30},"end":{"line":32,"column":5}}]},"7":{"type":"branch","line":32,"loc":{"start":{"line":32,"column":4},"end":{"line":33,"column":34}},"locations":[{"start":{"line":32,"column":4},"end":{"line":33,"column":34}}]},"8":{"type":"branch","line":33,"loc":{"start":{"line":33,"column":30},"end":{"line":33,"column":57}},"locations":[{"start":{"line":33,"column":30},"end":{"line":33,"column":57}}]},"9":{"type":"branch","line":33,"loc":{"start":{"line":33,"column":59},"end":{"line":39,"column":5}},"locations":[{"start":{"line":33,"column":59},"end":{"line":39,"column":5}}]},"10":{"type":"branch","line":39,"loc":{"start":{"line":39,"column":4},"end":{"line":40,"column":36}},"locations":[{"start":{"line":39,"column":4},"end":{"line":40,"column":36}}]},"11":{"type":"branch","line":40,"loc":{"start":{"line":40,"column":36},"end":{"line":47,"column":5}},"locations":[{"start":{"line":40,"column":36},"end":{"line":47,"column":5}}]},"12":{"type":"branch","line":47,"loc":{"start":{"line":47,"column":4},"end":{"line":52,"column":3}},"locations":[{"start":{"line":47,"column":4},"end":{"line":52,"column":3}}]}},"b":{"0":[12],"1":[12],"2":[30],"3":[108],"4":[12],"5":[96],"6":[30],"7":[66],"8":[30],"9":[24],"10":[42],"11":[24],"12":[18]},"fnMap":{"0":{"name":"readFile","decl":{"start":{"line":5,"column":0},"end":{"line":9,"column":1}},"loc":{"start":{"line":5,"column":0},"end":{"line":9,"column":1}},"line":5},"1":{"name":"getFileExtension","decl":{"start":{"line":11,"column":0},"end":{"line":13,"column":1}},"loc":{"start":{"line":11,"column":0},"end":{"line":13,"column":1}},"line":11},"2":{"name":"getDifferenceObjects","decl":{"start":{"line":15,"column":0},"end":{"line":54,"column":1}},"loc":{"start":{"line":15,"column":0},"end":{"line":54,"column":1}},"line":15}},"f":{"0":12,"1":12,"2":30}}
,"/home/danil/frontend-project-46/src/formatters/index.js": {"path":"/home/danil/frontend-project-46/src/formatters/index.js","all":false,"statementMap":{"0":{"start":{"line":1,"column":0},"end":{"line":1,"column":34}},"1":{"start":{"line":2,"column":0},"end":{"line":2,"column":38}},"2":{"start":{"line":3,"column":0},"end":{"line":3,"column":0}},"3":{"start":{"line":4,"column":0},"end":{"line":4,"column":76}},"4":{"start":{"line":5,"column":0},"end":{"line":5,"column":19}},"5":{"start":{"line":6,"column":0},"end":{"line":6,"column":19}},"6":{"start":{"line":7,"column":0},"end":{"line":7,"column":41}},"7":{"start":{"line":8,"column":0},"end":{"line":8,"column":17}},"8":{"start":{"line":9,"column":0},"end":{"line":9,"column":39}},"9":{"start":{"line":10,"column":0},"end":{"line":10,"column":16}},"10":{"start":{"line":11,"column":0},"end":{"line":11,"column":45}},"11":{"start":{"line":12,"column":0},"end":{"line":12,"column":19}},"12":{"start":{"line":13,"column":0},"end":{"line":13,"column":3}},"13":{"start":{"line":14,"column":0},"end":{"line":14,"column":1}}},"s":{"0":1,"1":1,"2":1,"3":1,"4":6,"5":6,"6":2,"7":6,"8":2,"9":6,"10":2,"11":6,"12":6,"13":6},"branchMap":{"0":{"type":"branch","line":4,"loc":{"start":{"line":4,"column":15},"end":{"line":14,"column":1}},"locations":[{"start":{"line":4,"column":15},"end":{"line":14,"column":1}}]},"1":{"type":"branch","line":6,"loc":{"start":{"line":6,"column":4},"end":{"line":7,"column":41}},"locations":[{"start":{"line":6,"column":4},"end":{"line":7,"column":41}}]},"2":{"type":"branch","line":8,"loc":{"start":{"line":8,"column":4},"end":{"line":9,"column":39}},"locations":[{"start":{"line":8,"column":4},"end":{"line":9,"column":39}}]},"3":{"type":"branch","line":10,"loc":{"start":{"line":10,"column":4},"end":{"line":11,"column":45}},"locations":[{"start":{"line":10,"column":4},"end":{"line":11,"column":45}}]},"4":{"type":"branch","line":12,"loc":{"start":{"line":12,"column":4},"end":{"line":12,"column":19}},"locations":[{"start":{"line":12,"column":4},"end":{"line":12,"column":19}}]}},"b":{"0":[6],"1":[2],"2":[2],"3":[2],"4":[0]},"fnMap":{"0":{"name":"getFormatting","decl":{"start":{"line":4,"column":15},"end":{"line":14,"column":1}},"loc":{"start":{"line":4,"column":15},"end":{"line":14,"column":1}},"line":4}},"f":{"0":6}}
,"/home/danil/frontend-project-46/src/formatters/plain.js": {"path":"/home/danil/frontend-project-46/src/formatters/plain.js","all":false,"statementMap":{"0":{"start":{"line":1,"column":0},"end":{"line":1,"column":26}},"1":{"start":{"line":2,"column":0},"end":{"line":2,"column":34}},"2":{"start":{"line":3,"column":0},"end":{"line":3,"column":25}},"3":{"start":{"line":4,"column":0},"end":{"line":4,"column":19}},"4":{"start":{"line":5,"column":0},"end":{"line":5,"column":5}},"5":{"start":{"line":6,"column":0},"end":{"line":6,"column":29}},"6":{"start":{"line":7,"column":0},"end":{"line":7,"column":3}},"7":{"start":{"line":8,"column":0},"end":{"line":8,"column":34}},"8":{"start":{"line":9,"column":0},"end":{"line":9,"column":24}},"9":{"start":{"line":10,"column":0},"end":{"line":10,"column":3}},"10":{"start":{"line":11,"column":0},"end":{"line":11,"column":15}},"11":{"start":{"line":12,"column":0},"end":{"line":12,"column":1}},"12":{"start":{"line":13,"column":0},"end":{"line":13,"column":0}},"13":{"start":{"line":14,"column":0},"end":{"line":14,"column":14}},"14":{"start":{"line":15,"column":0},"end":{"line":15,"column":24}},"15":{"start":{"line":16,"column":0},"end":{"line":16,"column":32}},"16":{"start":{"line":17,"column":0},"end":{"line":17,"column":24}},"17":{"start":{"line":18,"column":0},"end":{"line":18,"column":1}},"18":{"start":{"line":19,"column":0},"end":{"line":19,"column":0}},"19":{"start":{"line":20,"column":0},"end":{"line":20,"column":40}},"20":{"start":{"line":21,"column":0},"end":{"line":21,"column":31}},"21":{"start":{"line":22,"column":0},"end":{"line":22,"column":40}},"22":{"start":{"line":23,"column":0},"end":{"line":23,"column":47}},"23":{"start":{"line":24,"column":0},"end":{"line":24,"column":30}},"24":{"start":{"line":25,"column":0},"end":{"line":25,"column":21}},"25":{"start":{"line":26,"column":0},"end":{"line":26,"column":61}},"26":{"start":{"line":27,"column":0},"end":{"line":27,"column":20}},"27":{"start":{"line":28,"column":0},"end":{"line":28,"column":86}},"28":{"start":{"line":29,"column":0},"end":{"line":29,"column":25}},"29":{"start":{"line":30,"column":0},"end":{"line":30,"column":53}},"30":{"start":{"line":31,"column":0},"end":{"line":31,"column":25}},"31":{"start":{"line":32,"column":0},"end":{"line":32,"column":126}},"32":{"start":{"line":33,"column":0},"end":{"line":33,"column":16}},"33":{"start":{"line":34,"column":0},"end":{"line":34,"column":16}},"34":{"start":{"line":35,"column":0},"end":{"line":35,"column":9}},"35":{"start":{"line":36,"column":0},"end":{"line":36,"column":9}},"36":{"start":{"line":37,"column":0},"end":{"line":37,"column":62}},"37":{"start":{"line":38,"column":0},"end":{"line":38,"column":5}},"38":{"start":{"line":39,"column":0},"end":{"line":39,"column":26}},"39":{"start":{"line":40,"column":0},"end":{"line":40,"column":1}}},"s":{"0":26,"1":26,"2":8,"3":2,"4":2,"5":6,"6":6,"7":26,"8":14,"9":14,"10":4,"11":4,"12":1,"13":1,"14":1,"15":1,"16":1,"17":1,"18":1,"19":1,"20":2,"21":10,"22":36,"23":36,"24":36,"25":4,"26":36,"27":10,"28":36,"29":8,"30":36,"31":8,"32":36,"33":6,"34":36,"35":10,"36":10,"37":10,"38":2,"39":2},"branchMap":{"0":{"type":"branch","line":1,"loc":{"start":{"line":1,"column":0},"end":{"line":12,"column":1}},"locations":[{"start":{"line":1,"column":0},"end":{"line":12,"column":1}}]},"1":{"type":"branch","line":2,"loc":{"start":{"line":2,"column":33},"end":{"line":7,"column":3}},"locations":[{"start":{"line":2,"column":33},"end":{"line":7,"column":3}}]},"2":{"type":"branch","line":3,"loc":{"start":{"line":3,"column":24},"end":{"line":5,"column":5}},"locations":[{"start":{"line":3,"column":24},"end":{"line":5,"column":5}}]},"3":{"type":"branch","line":5,"loc":{"start":{"line":5,"column":4},"end":{"line":7,"column":3}},"locations":[{"start":{"line":5,"column":4},"end":{"line":7,"column":3}}]},"4":{"type":"branch","line":7,"loc":{"start":{"line":7,"column":2},"end":{"line":8,"column":33}},"locations":[{"start":{"line":7,"column":2},"end":{"line":8,"column":33}}]},"5":{"type":"branch","line":8,"loc":{"start":{"line":8,"column":33},"end":{"line":10,"column":3}},"locations":[{"start":{"line":8,"column":33},"end":{"line":10,"column":3}}]},"6":{"type":"branch","line":10,"loc":{"start":{"line":10,"column":2},"end":{"line":12,"column":1}},"locations":[{"start":{"line":10,"column":2},"end":{"line":12,"column":1}}]},"7":{"type":"branch","line":20,"loc":{"start":{"line":20,"column":15},"end":{"line":40,"column":1}},"locations":[{"start":{"line":20,"column":15},"end":{"line":40,"column":1}}]},"8":{"type":"branch","line":21,"loc":{"start":{"line":21,"column":2},"end":{"line":38,"column":5}},"locations":[{"start":{"line":21,"column":2},"end":{"line":38,"column":5}}]},"9":{"type":"branch","line":22,"loc":{"start":{"line":22,"column":31},"end":{"line":36,"column":7}},"locations":[{"start":{"line":22,"column":31},"end":{"line":36,"column":7}}]},"10":{"type":"branch","line":25,"loc":{"start":{"line":25,"column":8},"end":{"line":26,"column":61}},"locations":[{"start":{"line":25,"column":8},"end":{"line":26,"column":61}}]},"11":{"type":"branch","line":27,"loc":{"start":{"line":27,"column":8},"end":{"line":28,"column":86}},"locations":[{"start":{"line":27,"column":8},"end":{"line":28,"column":86}}]},"12":{"type":"branch","line":29,"loc":{"start":{"line":29,"column":8},"end":{"line":30,"column":53}},"locations":[{"start":{"line":29,"column":8},"end":{"line":30,"column":53}}]},"13":{"type":"branch","line":31,"loc":{"start":{"line":31,"column":8},"end":{"line":32,"column":126}},"locations":[{"start":{"line":31,"column":8},"end":{"line":32,"column":126}}]},"14":{"type":"branch","line":33,"loc":{"start":{"line":33,"column":8},"end":{"line":34,"column":16}},"locations":[{"start":{"line":33,"column":8},"end":{"line":34,"column":16}}]},"15":{"type":"branch","line":37,"loc":{"start":{"line":37,"column":28},"end":{"line":37,"column":49}},"locations":[{"start":{"line":37,"column":28},"end":{"line":37,"column":49}}]}},"b":{"0":[26],"1":[8],"2":[2],"3":[6],"4":[18],"5":[14],"6":[4],"7":[2],"8":[10],"9":[36],"10":[4],"11":[10],"12":[8],"13":[8],"14":[6],"15":[36]},"fnMap":{"0":{"name":"getValue","decl":{"start":{"line":1,"column":0},"end":{"line":12,"column":1}},"loc":{"start":{"line":1,"column":0},"end":{"line":12,"column":1}},"line":1},"1":{"name":"getPlain","decl":{"start":{"line":20,"column":15},"end":{"line":40,"column":1}},"loc":{"start":{"line":20,"column":15},"end":{"line":40,"column":1}},"line":20},"2":{"name":"iter","decl":{"start":{"line":21,"column":2},"end":{"line":38,"column":5}},"loc":{"start":{"line":21,"column":2},"end":{"line":38,"column":5}},"line":21}},"f":{"0":26,"1":2,"2":10}}
,"/home/danil/frontend-project-46/src/formatters/stylish.js": {"path":"/home/danil/frontend-project-46/src/formatters/stylish.js","all":false,"statementMap":{"0":{"start":{"line":1,"column":0},"end":{"line":1,"column":23}},"1":{"start":{"line":2,"column":0},"end":{"line":2,"column":0}},"2":{"start":{"line":3,"column":0},"end":{"line":3,"column":14}},"3":{"start":{"line":4,"column":0},"end":{"line":4,"column":13}},"4":{"start":{"line":5,"column":0},"end":{"line":5,"column":14}},"5":{"start":{"line":6,"column":0},"end":{"line":6,"column":12}},"6":{"start":{"line":7,"column":0},"end":{"line":7,"column":2}},"7":{"start":{"line":8,"column":0},"end":{"line":8,"column":0}},"8":{"start":{"line":9,"column":0},"end":{"line":9,"column":34}},"9":{"start":{"line":10,"column":0},"end":{"line":10,"column":23}},"10":{"start":{"line":11,"column":0},"end":{"line":11,"column":16}},"11":{"start":{"line":12,"column":0},"end":{"line":12,"column":31}},"12":{"start":{"line":13,"column":0},"end":{"line":13,"column":3}},"13":{"start":{"line":14,"column":0},"end":{"line":14,"column":31}},"14":{"start":{"line":15,"column":0},"end":{"line":15,"column":14}},"15":{"start":{"line":16,"column":0},"end":{"line":16,"column":3}},"16":{"start":{"line":17,"column":0},"end":{"line":17,"column":45}},"17":{"start":{"line":18,"column":0},"end":{"line":18,"column":1}},"18":{"start":{"line":19,"column":0},"end":{"line":19,"column":0}},"19":{"start":{"line":20,"column":0},"end":{"line":20,"column":34}},"20":{"start":{"line":21,"column":0},"end":{"line":21,"column":29}},"21":{"start":{"line":22,"column":0},"end":{"line":22,"column":24}},"22":{"start":{"line":23,"column":0},"end":{"line":23,"column":5}},"23":{"start":{"line":24,"column":0},"end":{"line":24,"column":137}},"24":{"start":{"line":25,"column":0},"end":{"line":25,"column":66}},"25":{"start":{"line":26,"column":0},"end":{"line":26,"column":1}},"26":{"start":{"line":27,"column":0},"end":{"line":27,"column":0}},"27":{"start":{"line":28,"column":0},"end":{"line":28,"column":42}},"28":{"start":{"line":29,"column":0},"end":{"line":29,"column":35}},"29":{"start":{"line":30,"column":0},"end":{"line":30,"column":40}},"30":{"start":{"line":31,"column":0},"end":{"line":31,"column":30}},"31":{"start":{"line":32,"column":0},"end":{"line":32,"column":21}},"32":{"start":{"line":33,"column":0},"end":{"line":33,"column":97}},"33":{"start":{"line":34,"column":0},"end":{"line":34,"column":20}},"34":{"start":{"line":35,"column":0},"end":{"line":35,"column":97}},"35":{"start":{"line":36,"column":0},"end":{"line":36,"column":25}},"36":{"start":{"line":37,"column":0},"end":{"line":37,"column":89}},"37":{"start":{"line":38,"column":0},"end":{"line":38,"column":25}},"38":{"start":{"line":39,"column":0},"end":{"line":39,"column":178}},"39":{"start":{"line":40,"column":0},"end":{"line":40,"column":16}},"40":{"start":{"line":41,"column":0},"end":{"line":41,"column":95}},"41":{"start":{"line":42,"column":0},"end":{"line":42,"column":7}},"42":{"start":{"line":43,"column":0},"end":{"line":43,"column":7}},"43":{"start":{"line":44,"column":0},"end":{"line":44,"column":62}},"44":{"start":{"line":45,"column":0},"end":{"line":45,"column":4}},"45":{"start":{"line":46,"column":0},"end":{"line":46,"column":23}},"46":{"start":{"line":47,"column":0},"end":{"line":47,"column":1}}},"s":{"0":1,"1":1,"2":1,"3":1,"4":1,"5":1,"6":1,"7":1,"8":86,"9":86,"10":86,"11":24,"12":24,"13":86,"14":0,"15":0,"16":62,"17":62,"18":1,"19":54,"20":54,"21":40,"22":40,"23":14,"24":14,"25":14,"26":1,"27":1,"28":2,"29":10,"30":36,"31":36,"32":4,"33":36,"34":10,"35":36,"36":8,"37":36,"38":8,"39":36,"40":6,"41":36,"42":10,"43":10,"44":2,"45":2,"46":2},"branchMap":{"0":{"type":"branch","line":9,"loc":{"start":{"line":9,"column":0},"end":{"line":18,"column":1}},"locations":[{"start":{"line":9,"column":0},"end":{"line":18,"column":1}}]},"1":{"type":"branch","line":11,"loc":{"start":{"line":11,"column":15},"end":{"line":13,"column":3}},"locations":[{"start":{"line":11,"column":15},"end":{"line":13,"column":3}}]},"2":{"type":"branch","line":13,"loc":{"start":{"line":13,"column":2},"end":{"line":14,"column":21}},"locations":[{"start":{"line":13,"column":2},"end":{"line":14,"column":21}}]},"3":{"type":"branch","line":14,"loc":{"start":{"line":14,"column":17},"end":{"line":14,"column":28}},"locations":[{"start":{"line":14,"column":17},"end":{"line":14,"column":28}}]},"4":{"type":"branch","line":14,"loc":{"start":{"line":14,"column":30},"end":{"line":16,"column":3}},"locations":[{"start":{"line":14,"column":30},"end":{"line":16,"column":3}}]},"5":{"type":"branch","line":16,"loc":{"start":{"line":16,"column":2},"end":{"line":18,"column":1}},"locations":[{"start":{"line":16,"column":2},"end":{"line":18,"column":1}}]},"6":{"type":"branch","line":20,"loc":{"start":{"line":20,"column":0},"end":{"line":26,"column":1}},"locations":[{"start":{"line":20,"column":0},"end":{"line":26,"column":1}}]},"7":{"type":"branch","line":21,"loc":{"start":{"line":21,"column":28},"end":{"line":23,"column":5}},"locations":[{"start":{"line":21,"column":28},"end":{"line":23,"column":5}}]},"8":{"type":"branch","line":23,"loc":{"start":{"line":23,"column":4},"end":{"line":26,"column":1}},"locations":[{"start":{"line":23,"column":4},"end":{"line":26,"column":1}}]},"9":{"type":"branch","line":24,"loc":{"start":{"line":24,"column":45},"end":{"line":24,"column":135}},"locations":[{"start":{"line":24,"column":45},"end":{"line":24,"column":135}}]},"10":{"type":"branch","line":28,"loc":{"start":{"line":28,"column":15},"end":{"line":47,"column":1}},"locations":[{"start":{"line":28,"column":15},"end":{"line":47,"column":1}}]},"11":{"type":"branch","line":29,"loc":{"start":{"line":29,"column":15},"end":{"line":45,"column":3}},"locations":[{"start":{"line":29,"column":15},"end":{"line":45,"column":3}}]},"12":{"type":"branch","line":30,"loc":{"start":{"line":30,"column":31},"end":{"line":43,"column":5}},"locations":[{"start":{"line":30,"column":31},"end":{"line":43,"column":5}}]},"13":{"type":"branch","line":32,"loc":{"start":{"line":32,"column":8},"end":{"line":33,"column":97}},"locations":[{"start":{"line":32,"column":8},"end":{"line":33,"column":97}}]},"14":{"type":"branch","line":34,"loc":{"start":{"line":34,"column":8},"end":{"line":35,"column":97}},"locations":[{"start":{"line":34,"column":8},"end":{"line":35,"column":97}}]},"15":{"type":"branch","line":36,"loc":{"start":{"line":36,"column":8},"end":{"line":37,"column":89}},"locations":[{"start":{"line":36,"column":8},"end":{"line":37,"column":89}}]},"16":{"type":"branch","line":38,"loc":{"start":{"line":38,"column":8},"end":{"line":39,"column":178}},"locations":[{"start":{"line":38,"column":8},"end":{"line":39,"column":178}}]},"17":{"type":"branch","line":40,"loc":{"start":{"line":40,"column":8},"end":{"line":41,"column":95}},"locations":[{"start":{"line":40,"column":8},"end":{"line":41,"column":95}}]}},"b":{"0":[86],"1":[24],"2":[62],"3":[8],"4":[0],"5":[62],"6":[54],"7":[40],"8":[14],"9":[18],"10":[2],"11":[10],"12":[36],"13":[4],"14":[10],"15":[8],"16":[8],"17":[6]},"fnMap":{"0":{"name":"getSpace","decl":{"start":{"line":9,"column":0},"end":{"line":18,"column":1}},"loc":{"start":{"line":9,"column":0},"end":{"line":18,"column":1}},"line":9},"1":{"name":"stringify","decl":{"start":{"line":20,"column":0},"end":{"line":26,"column":1}},"loc":{"start":{"line":20,"column":0},"end":{"line":26,"column":1}},"line":20},"2":{"name":"getStylish","decl":{"start":{"line":28,"column":15},"end":{"line":47,"column":1}},"loc":{"start":{"line":28,"column":15},"end":{"line":47,"column":1}},"line":28},"3":{"name":"iter","decl":{"start":{"line":29,"column":15},"end":{"line":45,"column":3}},"loc":{"start":{"line":29,"column":15},"end":{"line":45,"column":3}},"line":29}},"f":{"0":86,"1":54,"2":2,"3":10}}
}
