TN:
SF:src/index.js
FN:5,genDiff
FNF:1
FNH:1
FNDA:6,genDiff
DA:1,1
DA:2,1
DA:3,1
DA:4,1
DA:5,6
DA:6,6
DA:7,6
DA:8,6
DA:9,6
DA:10,6
DA:11,6
DA:12,6
DA:13,6
DA:14,6
DA:15,6
DA:16,1
DA:17,1
LF:17
LH:17
BRDA:5,0,0,6
BRF:1
BRH:1
end_of_record
TN:
SF:src/parsers.js
FN:3,parsing
FNF:1
FNH:1
FNDA:12,parsing
DA:1,1
DA:2,1
DA:3,12
DA:4,12
DA:5,6
DA:6,6
DA:7,12
DA:8,6
DA:9,6
DA:10,0
DA:11,0
DA:12,1
DA:13,1
LF:13
LH:11
BRDA:3,0,0,12
BRDA:4,1,0,6
BRDA:7,2,0,0
BRDA:7,3,0,6
BRDA:9,4,0,0
BRF:5
BRH:3
end_of_record
TN:
SF:src/utils.js
FN:5,readFile
FN:11,getFileExtension
FN:15,getDifferenceObjects
FNF:3
FNH:3
FNDA:12,readFile
FNDA:12,getFileExtension
FNDA:30,getDifferenceObjects
DA:1,1
DA:2,1
DA:3,1
DA:4,1
DA:5,12
DA:6,12
DA:7,12
DA:8,12
DA:9,12
DA:10,1
DA:11,12
DA:12,12
DA:13,12
DA:14,1
DA:15,30
DA:16,30
DA:17,108
DA:18,108
DA:19,108
DA:20,12
DA:21,12
DA:22,12
DA:23,12
DA:24,12
DA:25,12
DA:26,108
DA:27,30
DA:28,30
DA:29,30
DA:30,30
DA:31,30
DA:32,30
DA:33,108
DA:34,24
DA:35,24
DA:36,24
DA:37,24
DA:38,24
DA:39,24
DA:40,108
DA:41,24
DA:42,24
DA:43,24
DA:44,24
DA:45,24
DA:46,24
DA:47,24
DA:48,18
DA:49,18
DA:50,18
DA:51,18
DA:52,30
DA:53,30
DA:54,30
DA:55,1
DA:56,1
LF:56
LH:56
BRDA:5,0,0,12
BRDA:11,1,0,12
BRDA:15,2,0,30
BRDA:16,3,0,108
BRDA:19,4,0,12
BRDA:25,5,0,96
BRDA:26,6,0,30
BRDA:32,7,0,66
BRDA:33,8,0,30
BRDA:33,9,0,24
BRDA:39,10,0,42
BRDA:40,11,0,24
BRDA:47,12,0,18
BRF:13
BRH:13
end_of_record
TN:
SF:src/formatters/index.js
FN:4,getFormatting
FNF:1
FNH:1
FNDA:6,getFormatting
DA:1,1
DA:2,1
DA:3,1
DA:4,1
DA:5,6
DA:6,6
DA:7,2
DA:8,6
DA:9,2
DA:10,6
DA:11,2
DA:12,6
DA:13,6
DA:14,6
LF:14
LH:14
BRDA:4,0,0,6
BRDA:6,1,0,2
BRDA:8,2,0,2
BRDA:10,3,0,2
BRDA:12,4,0,0
BRF:5
BRH:4
end_of_record
TN:
SF:src/formatters/plain.js
FN:1,getValue
FN:20,getPlain
FN:21,iter
FNF:3
FNH:3
FNDA:26,getValue
FNDA:2,getPlain
FNDA:10,iter
DA:1,26
DA:2,26
DA:3,8
DA:4,2
DA:5,2
DA:6,6
DA:7,6
DA:8,26
DA:9,14
DA:10,14
DA:11,4
DA:12,4
DA:13,1
DA:14,1
DA:15,1
DA:16,1
DA:17,1
DA:18,1
DA:19,1
DA:20,1
DA:21,2
DA:22,10
DA:23,36
DA:24,36
DA:25,36
DA:26,4
DA:27,36
DA:28,10
DA:29,36
DA:30,8
DA:31,36
DA:32,8
DA:33,36
DA:34,6
DA:35,36
DA:36,10
DA:37,10
DA:38,10
DA:39,2
DA:40,2
LF:40
LH:40
BRDA:1,0,0,26
BRDA:2,1,0,8
BRDA:3,2,0,2
BRDA:5,3,0,6
BRDA:7,4,0,18
BRDA:8,5,0,14
BRDA:10,6,0,4
BRDA:20,7,0,2
BRDA:21,8,0,10
BRDA:22,9,0,36
BRDA:25,10,0,4
BRDA:27,11,0,10
BRDA:29,12,0,8
BRDA:31,13,0,8
BRDA:33,14,0,6
BRDA:37,15,0,36
BRF:16
BRH:16
end_of_record
TN:
SF:src/formatters/stylish.js
FN:9,getSpace
FN:20,stringify
FN:28,getStylish
FN:29,iter
FNF:4
FNH:4
FNDA:86,getSpace
FNDA:54,stringify
FNDA:2,getStylish
FNDA:10,iter
DA:1,1
DA:2,1
DA:3,1
DA:4,1
DA:5,1
DA:6,1
DA:7,1
DA:8,1
DA:9,86
DA:10,86
DA:11,86
DA:12,24
DA:13,24
DA:14,86
DA:15,0
DA:16,0
DA:17,62
DA:18,62
DA:19,1
DA:20,54
DA:21,54
DA:22,40
DA:23,40
DA:24,14
DA:25,14
DA:26,14
DA:27,1
DA:28,1
DA:29,2
DA:30,10
DA:31,36
DA:32,36
DA:33,4
DA:34,36
DA:35,10
DA:36,36
DA:37,8
DA:38,36
DA:39,8
DA:40,36
DA:41,6
DA:42,36
DA:43,10
DA:44,10
DA:45,2
DA:46,2
DA:47,2
LF:47
LH:45
BRDA:9,0,0,86
BRDA:11,1,0,24
BRDA:13,2,0,62
BRDA:14,3,0,8
BRDA:14,4,0,0
BRDA:16,5,0,62
BRDA:20,6,0,54
BRDA:21,7,0,40
BRDA:23,8,0,14
BRDA:24,9,0,18
BRDA:28,10,0,2
BRDA:29,11,0,10
BRDA:30,12,0,36
BRDA:32,13,0,4
BRDA:34,14,0,10
BRDA:36,15,0,8
BRDA:38,16,0,8
BRDA:40,17,0,6
BRF:18
BRH:17
end_of_record
