TN:
SF:src/index.js
FN:5,genDiff
FNF:1
FNH:1
FNDA:2,genDiff
DA:1,1
DA:2,1
DA:3,1
DA:4,1
DA:5,2
DA:6,2
DA:7,2
DA:8,2
DA:9,2
DA:10,2
DA:11,2
DA:12,2
DA:13,2
DA:14,2
DA:15,2
DA:16,1
DA:17,1
LF:17
LH:17
BRDA:5,0,0,2
BRF:1
BRH:1
end_of_record
TN:
SF:src/parsers.js
FN:3,parsing
FNF:1
FNH:1
FNDA:4,parsing
DA:1,1
DA:2,1
DA:3,4
DA:4,4
DA:5,2
DA:6,2
DA:7,4
DA:8,2
DA:9,2
DA:10,0
DA:11,0
DA:12,1
DA:13,1
LF:13
LH:11
BRDA:3,0,0,4
BRDA:4,1,0,2
BRDA:7,2,0,0
BRDA:7,3,0,2
BRDA:9,4,0,0
BRF:5
BRH:3
end_of_record
TN:
SF:src/utils.js
FN:5,readFile
FN:11,getFileExtension
FN:15,getDifferenceObjects
FNF:3
FNH:3
FNDA:4,readFile
FNDA:4,getFileExtension
FNDA:10,getDifferenceObjects
DA:1,1
DA:2,1
DA:3,1
DA:4,1
DA:5,4
DA:6,4
DA:7,4
DA:8,4
DA:9,4
DA:10,1
DA:11,4
DA:12,4
DA:13,4
DA:14,1
DA:15,10
DA:16,10
DA:17,36
DA:18,36
DA:19,36
DA:20,4
DA:21,4
DA:22,4
DA:23,4
DA:24,4
DA:25,4
DA:26,36
DA:27,10
DA:28,10
DA:29,10
DA:30,10
DA:31,10
DA:32,10
DA:33,36
DA:34,8
DA:35,8
DA:36,8
DA:37,8
DA:38,8
DA:39,8
DA:40,36
DA:41,8
DA:42,8
DA:43,8
DA:44,8
DA:45,8
DA:46,8
DA:47,8
DA:48,6
DA:49,6
DA:50,6
DA:51,6
DA:52,10
DA:53,10
DA:54,10
DA:55,1
DA:56,1
LF:56
LH:56
BRDA:5,0,0,4
BRDA:11,1,0,4
BRDA:15,2,0,10
BRDA:16,3,0,36
BRDA:19,4,0,4
BRDA:25,5,0,32
BRDA:26,6,0,10
BRDA:32,7,0,22
BRDA:33,8,0,10
BRDA:33,9,0,8
BRDA:39,10,0,14
BRDA:40,11,0,8
BRDA:47,12,0,6
BRF:13
BRH:13
end_of_record
TN:
SF:src/formatters/format.js
FN:3,getFormatting
FNF:1
FNH:1
FNDA:2,getFormatting
DA:1,1
DA:2,1
DA:3,1
DA:4,2
DA:5,2
DA:6,2
DA:7,2
DA:8,2
DA:9,2
LF:9
LH:9
BRDA:3,0,0,2
BRDA:7,1,0,0
BRF:2
BRH:1
end_of_record
TN:
SF:src/formatters/stylish.js
FN:9,getSpace
FN:20,stringify
FN:28,getStylish
FN:29,iter
FNF:4
FNH:4
FNDA:86,getSpace
FNDA:54,stringify
FNDA:2,getStylish
FNDA:10,iter
DA:1,1
DA:2,1
DA:3,1
DA:4,1
DA:5,1
DA:6,1
DA:7,1
DA:8,1
DA:9,86
DA:10,86
DA:11,86
DA:12,24
DA:13,24
DA:14,86
DA:15,0
DA:16,0
DA:17,62
DA:18,62
DA:19,1
DA:20,54
DA:21,54
DA:22,40
DA:23,40
DA:24,14
DA:25,14
DA:26,14
DA:27,1
DA:28,1
DA:29,2
DA:30,10
DA:31,36
DA:32,36
DA:33,4
DA:34,36
DA:35,10
DA:36,36
DA:37,8
DA:38,36
DA:39,8
DA:40,36
DA:41,6
DA:42,36
DA:43,10
DA:44,10
DA:45,2
DA:46,2
DA:47,2
LF:47
LH:45
BRDA:9,0,0,86
BRDA:11,1,0,24
BRDA:13,2,0,62
BRDA:14,3,0,8
BRDA:14,4,0,0
BRDA:16,5,0,62
BRDA:20,6,0,54
BRDA:21,7,0,40
BRDA:23,8,0,14
BRDA:24,9,0,18
BRDA:28,10,0,2
BRDA:29,11,0,10
BRDA:30,12,0,36
BRDA:32,13,0,4
BRDA:34,14,0,10
BRDA:36,15,0,8
BRDA:38,16,0,8
BRDA:40,17,0,6
BRF:18
BRH:17
end_of_record
